c:\users\love panta\documents\copeliasim\c_cpp\vrep_sim\x64\debug\vc142.pdb
c:\users\love panta\documents\copeliasim\c_cpp\vrep_sim\x64\debug\vc142.idb
c:\users\love panta\documents\copeliasim\c_cpp\vrep_sim\x64\debug\objecthandling.obj
c:\users\love panta\documents\copeliasim\c_cpp\vrep_sim\x64\debug\connection.obj
c:\users\love panta\documents\copeliasim\c_cpp\vrep_sim\x64\debug\robo_init.obj
c:\users\love panta\documents\copeliasim\c_cpp\vrep_sim\x64\debug\robot_operation.obj
c:\users\love panta\documents\copeliasim\c_cpp\vrep_sim\x64\debug\code.obj
c:\users\love panta\documents\copeliasim\c_cpp\vrep_sim\x64\debug\pid.obj
c:\users\love panta\documents\copeliasim\c_cpp\vrep_sim\x64\debug\param.obj
c:\users\love panta\documents\copeliasim\c_cpp\vrep_sim\x64\debug\motor.obj
c:\users\love panta\documents\copeliasim\c_cpp\vrep_sim\x64\debug\inversekinematics.obj
c:\users\love panta\documents\copeliasim\c_cpp\vrep_sim\x64\debug\encoder.obj
c:\users\love panta\documents\copeliasim\c_cpp\vrep_sim\x64\debug\extapiplatform.obj
c:\users\love panta\documents\copeliasim\c_cpp\vrep_sim\x64\debug\extapi.obj
c:\users\love panta\documents\copeliasim\c_cpp\vrep_sim\x64\debug\vrep_sim.exe
c:\users\love panta\documents\copeliasim\c_cpp\vrep_sim\x64\debug\vrep_sim.ilk
c:\users\love panta\documents\copeliasim\c_cpp\vrep_sim\x64\debug\vrep_sim.pdb
c:\users\love panta\documents\copeliasim\c_cpp\vrep_sim\x64\debug\vrep_sim.lib
c:\users\love panta\documents\copeliasim\c_cpp\vrep_sim\x64\debug\vrep_sim.exp
c:\users\love panta\onedrive\documents\copeliasim\c_cpp\vrep_sim\x64\debug\code.obj
c:\users\love panta\onedrive\documents\copeliasim\c_cpp\vrep_sim\x64\debug\connection.obj
c:\users\love panta\onedrive\documents\copeliasim\c_cpp\vrep_sim\x64\debug\encoder.obj
c:\users\love panta\onedrive\documents\copeliasim\c_cpp\vrep_sim\x64\debug\extapi.obj
c:\users\love panta\onedrive\documents\copeliasim\c_cpp\vrep_sim\x64\debug\extapiplatform.obj
c:\users\love panta\onedrive\documents\copeliasim\c_cpp\vrep_sim\x64\debug\inversekinematics.obj
c:\users\love panta\onedrive\documents\copeliasim\c_cpp\vrep_sim\x64\debug\motor.obj
c:\users\love panta\onedrive\documents\copeliasim\c_cpp\vrep_sim\x64\debug\objecthandling.obj
c:\users\love panta\onedrive\documents\copeliasim\c_cpp\vrep_sim\x64\debug\param.obj
c:\users\love panta\onedrive\documents\copeliasim\c_cpp\vrep_sim\x64\debug\pid.obj
c:\users\love panta\onedrive\documents\copeliasim\c_cpp\vrep_sim\x64\debug\robot_operation.obj
c:\users\love panta\onedrive\documents\copeliasim\c_cpp\vrep_sim\x64\debug\robo_init.obj
c:\users\love panta\onedrive\documents\copeliasim\c_cpp\vrep_sim\x64\debug\vrep_sim.ilk
c:\users\love panta\onedrive\documents\copeliasim\c_cpp\vrep_sim\x64\debug\vrep_sim.exp
c:\users\love panta\onedrive\documents\copeliasim\c_cpp\vrep_sim\x64\debug\vc142.idb
c:\users\love panta\onedrive\documents\copeliasim\c_cpp\vrep_sim\x64\debug\vc142.pdb
c:\users\love panta\onedrive\documents\copeliasim\c_cpp\vrep_sim\x64\debug\vrep_sim.pdb
c:\users\love panta\onedrive\documents\copeliasim\c_cpp\vrep_sim\x64\debug\vrep_sim.exe
c:\users\love panta\onedrive\documents\copeliasim\c_cpp\vrep_sim\x64\debug\vrep_sim.tlog\cl.command.1.tlog
c:\users\love panta\onedrive\documents\copeliasim\c_cpp\vrep_sim\x64\debug\vrep_sim.tlog\cl.read.1.tlog
c:\users\love panta\onedrive\documents\copeliasim\c_cpp\vrep_sim\x64\debug\vrep_sim.tlog\cl.write.1.tlog
c:\users\love panta\onedrive\documents\copeliasim\c_cpp\vrep_sim\x64\debug\vrep_sim.tlog\link.command.1.tlog
c:\users\love panta\onedrive\documents\copeliasim\c_cpp\vrep_sim\x64\debug\vrep_sim.tlog\link.read.1.tlog
c:\users\love panta\onedrive\documents\copeliasim\c_cpp\vrep_sim\x64\debug\vrep_sim.tlog\link.write.1.tlog
c:\users\love panta\onedrive\documents\copeliasim\c_cpp\vrep_sim\x64\debug\vrep_sim.tlog\vrep_sim.write.1u.tlog
